{"/Users/hanna/PROGRAMMING/NodeJsSamuraiWay/src/index.ts": {"path":"/Users/hanna/PROGRAMMING/NodeJsSamuraiWay/src/index.ts","statementMap":{"0":{"start":{"line":1,"column":0},"end":{"line":1,"column":30}},"1":{"start":{"line":3,"column":13},"end":{"line":3,"column":29}},"2":{"start":{"line":4,"column":13},"end":{"line":4,"column":17}},"3":{"start":{"line":6,"column":22},"end":{"line":13,"column":2}},"4":{"start":{"line":15,"column":27},"end":{"line":15,"column":41}},"5":{"start":{"line":16,"column":0},"end":{"line":16,"column":28}},"6":{"start":{"line":18,"column":11},"end":{"line":25,"column":2}},"7":{"start":{"line":27,"column":0},"end":{"line":33,"column":3}},"8":{"start":{"line":28,"column":21},"end":{"line":28,"column":31}},"9":{"start":{"line":29,"column":2},"end":{"line":31,"column":3}},"10":{"start":{"line":30,"column":4},"end":{"line":30,"column":97}},"11":{"start":{"line":30,"column":47},"end":{"line":30,"column":95}},"12":{"start":{"line":32,"column":2},"end":{"line":32,"column":25}},"13":{"start":{"line":35,"column":0},"end":{"line":43,"column":3}},"14":{"start":{"line":36,"column":23},"end":{"line":36,"column":72}},"15":{"start":{"line":36,"column":47},"end":{"line":36,"column":71}},"16":{"start":{"line":38,"column":2},"end":{"line":41,"column":3}},"17":{"start":{"line":39,"column":4},"end":{"line":39,"column":48}},"18":{"start":{"line":40,"column":4},"end":{"line":40,"column":11}},"19":{"start":{"line":42,"column":2},"end":{"line":42,"column":25}},"20":{"start":{"line":45,"column":0},"end":{"line":56,"column":3}},"21":{"start":{"line":46,"column":2},"end":{"line":49,"column":3}},"22":{"start":{"line":47,"column":4},"end":{"line":47,"column":50}},"23":{"start":{"line":48,"column":4},"end":{"line":48,"column":11}},"24":{"start":{"line":50,"column":24},"end":{"line":53,"column":4}},"25":{"start":{"line":54,"column":2},"end":{"line":54,"column":33}},"26":{"start":{"line":55,"column":2},"end":{"line":55,"column":60}},"27":{"start":{"line":58,"column":0},"end":{"line":61,"column":3}},"28":{"start":{"line":59,"column":2},"end":{"line":59,"column":67}},"29":{"start":{"line":59,"column":41},"end":{"line":59,"column":65}},"30":{"start":{"line":60,"column":2},"end":{"line":60,"column":47}},"31":{"start":{"line":63,"column":0},"end":{"line":71,"column":3}},"32":{"start":{"line":64,"column":23},"end":{"line":64,"column":72}},"33":{"start":{"line":64,"column":47},"end":{"line":64,"column":71}},"34":{"start":{"line":65,"column":2},"end":{"line":68,"column":3}},"35":{"start":{"line":66,"column":4},"end":{"line":66,"column":48}},"36":{"start":{"line":67,"column":4},"end":{"line":67,"column":11}},"37":{"start":{"line":69,"column":2},"end":{"line":69,"column":38}},"38":{"start":{"line":70,"column":2},"end":{"line":70,"column":47}},"39":{"start":{"line":73,"column":0},"end":{"line":76,"column":3}},"40":{"start":{"line":74,"column":2},"end":{"line":74,"column":18}},"41":{"start":{"line":75,"column":2},"end":{"line":75,"column":47}},"42":{"start":{"line":78,"column":0},"end":{"line":80,"column":3}},"43":{"start":{"line":79,"column":2},"end":{"line":79,"column":55}}},"fnMap":{"0":{"name":"(anonymous_1)","decl":{"start":{"line":27,"column":20},"end":{"line":27,"column":21}},"loc":{"start":{"line":27,"column":33},"end":{"line":33,"column":1}}},"1":{"name":"(anonymous_2)","decl":{"start":{"line":30,"column":39},"end":{"line":30,"column":40}},"loc":{"start":{"line":30,"column":47},"end":{"line":30,"column":95}}},"2":{"name":"(anonymous_3)","decl":{"start":{"line":35,"column":24},"end":{"line":35,"column":25}},"loc":{"start":{"line":35,"column":37},"end":{"line":43,"column":1}}},"3":{"name":"(anonymous_4)","decl":{"start":{"line":36,"column":39},"end":{"line":36,"column":40}},"loc":{"start":{"line":36,"column":47},"end":{"line":36,"column":71}}},"4":{"name":"(anonymous_5)","decl":{"start":{"line":45,"column":21},"end":{"line":45,"column":22}},"loc":{"start":{"line":45,"column":34},"end":{"line":56,"column":1}}},"5":{"name":"(anonymous_6)","decl":{"start":{"line":58,"column":27},"end":{"line":58,"column":28}},"loc":{"start":{"line":58,"column":40},"end":{"line":61,"column":1}}},"6":{"name":"(anonymous_7)","decl":{"start":{"line":59,"column":33},"end":{"line":59,"column":34}},"loc":{"start":{"line":59,"column":41},"end":{"line":59,"column":65}}},"7":{"name":"(anonymous_8)","decl":{"start":{"line":63,"column":24},"end":{"line":63,"column":25}},"loc":{"start":{"line":63,"column":37},"end":{"line":71,"column":1}}},"8":{"name":"(anonymous_9)","decl":{"start":{"line":64,"column":39},"end":{"line":64,"column":40}},"loc":{"start":{"line":64,"column":47},"end":{"line":64,"column":71}}},"9":{"name":"(anonymous_10)","decl":{"start":{"line":73,"column":29},"end":{"line":73,"column":30}},"loc":{"start":{"line":73,"column":42},"end":{"line":76,"column":1}}},"10":{"name":"(anonymous_11)","decl":{"start":{"line":78,"column":17},"end":{"line":78,"column":20}},"loc":{"start":{"line":78,"column":22},"end":{"line":80,"column":1}}}},"branchMap":{"0":{"loc":{"start":{"line":29,"column":2},"end":{"line":31,"column":3}},"type":"if","locations":[{"start":{"line":29,"column":2},"end":{"line":31,"column":3}}]},"1":{"loc":{"start":{"line":38,"column":2},"end":{"line":41,"column":3}},"type":"if","locations":[{"start":{"line":38,"column":2},"end":{"line":41,"column":3}}]},"2":{"loc":{"start":{"line":46,"column":2},"end":{"line":49,"column":3}},"type":"if","locations":[{"start":{"line":46,"column":2},"end":{"line":49,"column":3}}]},"3":{"loc":{"start":{"line":65,"column":2},"end":{"line":68,"column":3}},"type":"if","locations":[{"start":{"line":65,"column":2},"end":{"line":68,"column":3}}]}},"s":{"0":1,"1":1,"2":1,"3":1,"4":1,"5":1,"6":1,"7":1,"8":1,"9":1,"10":0,"11":0,"12":1,"13":1,"14":1,"15":0,"16":1,"17":1,"18":1,"19":0,"20":1,"21":0,"22":0,"23":0,"24":0,"25":0,"26":0,"27":1,"28":0,"29":0,"30":0,"31":1,"32":0,"33":0,"34":0,"35":0,"36":0,"37":0,"38":0,"39":1,"40":1,"41":1,"42":1,"43":0},"f":{"0":1,"1":0,"2":1,"3":0,"4":0,"5":0,"6":0,"7":0,"8":0,"9":1,"10":0},"b":{"0":[0],"1":[1],"2":[0],"3":[0]}}
}
