TN:
SF:src/index.ts
FN:27,(anonymous_1)
FN:30,(anonymous_2)
FN:35,(anonymous_3)
FN:36,(anonymous_4)
FN:45,(anonymous_5)
FN:58,(anonymous_6)
FN:59,(anonymous_7)
FN:63,(anonymous_8)
FN:64,(anonymous_9)
FN:73,(anonymous_10)
FN:78,(anonymous_11)
FNF:11
FNH:3
FNDA:1,(anonymous_1)
FNDA:0,(anonymous_2)
FNDA:1,(anonymous_3)
FNDA:0,(anonymous_4)
FNDA:0,(anonymous_5)
FNDA:0,(anonymous_6)
FNDA:0,(anonymous_7)
FNDA:0,(anonymous_8)
FNDA:0,(anonymous_9)
FNDA:1,(anonymous_10)
FNDA:0,(anonymous_11)
DA:1,1
DA:3,1
DA:4,1
DA:6,1
DA:15,1
DA:16,1
DA:18,1
DA:27,1
DA:28,1
DA:29,1
DA:30,0
DA:32,1
DA:35,1
DA:36,1
DA:38,1
DA:39,1
DA:40,1
DA:42,0
DA:45,1
DA:46,0
DA:47,0
DA:48,0
DA:50,0
DA:54,0
DA:55,0
DA:58,1
DA:59,0
DA:60,0
DA:63,1
DA:64,0
DA:65,0
DA:66,0
DA:67,0
DA:69,0
DA:70,0
DA:73,1
DA:74,1
DA:75,1
DA:78,1
DA:79,0
LF:40
LH:23
BRDA:29,0,0,0
BRDA:38,1,0,1
BRDA:46,2,0,0
BRDA:65,3,0,0
BRF:4
BRH:1
end_of_record
